commit 87e7e1b2e6b714b6f38ef3d36c540a793d658cc7
Author: Eric Erickson <egoraea@cs.utexas.edu>
Date:   Wed Oct 19 18:44:45 2016 -0500

    makefile and travis.yml

commit d2f3dc7ca7906982853a976b077736ae4c8f84ca
Merge: f486c55 7d28d48
Author: Eric Erickson <egoraea@cs.utexas.edu>
Date:   Wed Oct 19 18:25:36 2016 -0500

    Changes to models.py

commit f486c557a1a394100dafe5c0e78703272c1d2011
Author: Eric Erickson <egoraea@cs.utexas.edu>
Date:   Wed Oct 19 18:21:04 2016 -0500

    Edits to models.py

commit 7d28d48041968d4a3ee675908c659f3790402854
Author: Charles Tian <c.y.t@utexas.edd>
Date:   Wed Oct 19 20:05:52 2016 +0000

    Finished technical report hosting section

commit 083afae7d3334fd9cbd3b4572dc38c3e4e8e40f1
Author: Charles Tian <c.y.t@utexas.edd>
Date:   Wed Oct 19 19:52:24 2016 +0000

    Merged accidental commits to master, working on hosting technical writeup

commit cf45322388657d2cd88afe65cf8dcbce2ac1f558
Merge: 45ae41d a8e7f1f
Author: Charles Tian <c.y.t@utexas.edd>
Date:   Wed Oct 19 19:12:16 2016 +0000

    Merge remote-tracking branch 'origin' into dev

commit a8e7f1ff5bc6a88b2a4ff47649f2eaa0ab713c82
Author: rdshea3 <ryan.shea@utexas.edu>
Date:   Wed Oct 19 12:29:03 2016 -0500

    Sorry about so many commits, clarified idea -- STILL NEEDS A LOOK

commit 84de70069041ed871a2f91c821bc2b61fdadfdd6
Author: rdshea3 <ryan.shea@utexas.edu>
Date:   Wed Oct 19 12:24:03 2016 -0500

    grammar updates

commit 1495b848292a2c507180aacba8ded02f99a82c27
Author: rdshea3 <ryan.shea@utexas.edu>
Date:   Wed Oct 19 12:15:43 2016 -0500

    fixed formatting -- STILL NEEDS ATTENTION

commit 34c5bfff448fcdfc0410fa51c7ff4196504c630a
Author: rdshea3 <ryan.shea@utexas.edu>
Date:   Wed Oct 19 12:14:58 2016 -0500

    rdshea3 - techreport design details NEED MORE EYES
    
    Got two lines I wasn't sure what to write. Shouldn't be hard for whoever has a grasp over what I'm missing. Does need to be fixed though!

commit 45ae41de591683bb9088eb80285ea10945c29ec2
Author: Charles Tian <c.y.t@utexas.edd>
Date:   Wed Oct 19 04:45:55 2016 +0000

    Implemented basic 3 pillars

commit 53de4595dc6f26d4600dd2a7701efa53178e38e7
Author: Charles Tian <c.y.t@utexas.edd>
Date:   Wed Oct 19 04:14:00 2016 +0000

    Ignore appropriate python files

commit 2bf2e8f213d6eeb34e4fc163100f56007c2c6cc4
Merge: d9db881 514a68a
Author: Charles Tian <c.y.t@utexas.edd>
Date:   Wed Oct 19 04:12:32 2016 +0000

    Merge master into dev

commit 514a68a7195f1b75640fa2c6edc5a1a038909d87
Author: Eric Erickson <egoraea@cs.utexas.edu>
Date:   Tue Oct 18 21:59:19 2016 -0500

    Fixing imports

commit 61d76cf7e6f88bafb7d82297b4533704df9ec933
Author: Eric Erickson <egoraea@cs.utexas.edu>
Date:   Tue Oct 18 21:43:19 2016 -0500

    Adding Sql models and unit tests for them

commit 1b0320b4045a6678708aa34d46736754035959d7
Author: Lior Vansteenkiste <lior@cs.utexas.edu>
Date:   Mon Oct 17 18:09:59 2016 -0500

    Decided on Pillars and attributes for each pillar. Got initial bootstrap theme and page up.

commit d9db8811b69eef0f2ace2fc03f4194a5b43605a3
Author: Charles Tian <c.y.t@utexas.edu>
Date:   Sun Oct 16 23:50:53 2016 +0000

    Setup initial site using Flask example code. Closes #5

commit 271db6ea0adaf11a4babbcbb262327e0abcb33e8
Author: Charles Y. Tian <c.y.t@me.com>
Date:   Sun Oct 16 22:22:33 2016 +0000

    Reorganize files

commit b2b6a1bef020ff33c3de57c0516c013ffc99795f
Author: Charles Tian <cyt@cs.utexas.edu>
Date:   Sun Oct 16 17:22:08 2016 -0500

    Delete everything

commit 8264e720a00e51009b8f3f80790b6bbac01a3b72
Author: Charles Tian <cyt@cs.utexas.edu>
Date:   Sun Oct 16 16:38:19 2016 -0500

    Add example flask site

commit 586ca7e5e0ea63bad8162c650a6b0be96eb04f78
Author: Charles Tian <cyt@cs.utexas.edu>
Date:   Sun Oct 16 15:57:30 2016 -0500

    Add technical report
